<?xml version="1.0" encoding="UTF-8"?>
<!-- Generated by org.testng.reporters.JUnitReportReporter -->
<testsuite hostname="DESKTOP-B4LR54V" failures="0" tests="1" name="mavenproject.Tc2_Test" time="60.535" errors="0" timestamp="2022-11-09T09:14:42 IST" skipped="0">
  <testcase classname="mavenproject.Tc2_Test" name="Tc" time="60.535"/>
  <system-out/>
</testsuite> <!-- mavenproject.Tc2_Test -->
