<?xml version="1.0" encoding="UTF-8"?>
<!-- Generated by org.testng.reporters.JUnitReportReporter -->
<testsuite hostname="DESKTOP-B4LR54V" failures="0" tests="1" name="extentReport" time="10.609" errors="0" timestamp="2022-11-15T11:21:13 IST" skipped="0">
  <testcase classname="extentReport" name="Extent" time="10.609"/>
  <system-out/>
</testsuite> <!-- extentReport -->
