<?xml version="1.0" encoding="UTF-8"?>
<!-- Generated by org.testng.reporters.JUnitReportReporter -->
<testsuite hostname="DESKTOP-B4LR54V" failures="0" tests="1" name="Tc3_Test" time="77.290" errors="0" timestamp="2022-11-10T09:24:32 IST" skipped="0">
  <testcase classname="Tc3_Test" name="Tc" time="77.290"/>
  <system-out/>
</testsuite> <!-- Tc3_Test -->
