<?xml version="1.0" encoding="UTF-8"?>
<!-- Generated by org.testng.reporters.JUnitReportReporter -->
<testsuite hostname="DESKTOP-B4LR54V" failures="0" tests="1" name="basics.TestCase01_Test" time="0.448" errors="0" timestamp="2022-11-09T09:14:41 IST" skipped="0">
  <testcase classname="basics.TestCase01_Test" name="testcase" time="0.448"/>
  <system-out/>
</testsuite> <!-- basics.TestCase01_Test -->
