<?xml version="1.0" encoding="UTF-8"?>
<!-- Generated by org.testng.reporters.JUnitReportReporter -->
<testsuite hostname="DESKTOP-B4LR54V" failures="0" tests="1" name="mavenproject.Tc3_Test" time="20.560" errors="0" timestamp="2022-11-09T09:14:41 IST" skipped="0">
  <testcase classname="mavenproject.Tc3_Test" name="Tc" time="20.560"/>
  <system-out/>
</testsuite> <!-- mavenproject.Tc3_Test -->
