<?xml version="1.0" encoding="UTF-8"?>
<!-- Generated by org.testng.reporters.JUnitReportReporter -->
<testsuite hostname="DESKTOP-B4LR54V" failures="0" tests="1" name="basics.ReceivingParameter" time="0.008" errors="0" timestamp="2022-11-09T09:14:42 IST" skipped="0">
  <testcase classname="basics.ReceivingParameter" name="data1" time="0.008"/>
  <system-out/>
</testsuite> <!-- basics.ReceivingParameter -->
